JavaPathfinder core system v8.0 (rev af9e01e81807c5da6b75871396a0c3900208be72) - (C) 2005-2014 United States Government. All rights reserved.


====================================================== system under test
main.main()

====================================================== search started: 7/28/21 8:23 AM

====================================================== search constraint
JPF out of memory

====================================================== snapshot 
thread java.lang.Thread:{id:0,name:main,status:RUNNING,priority:5,isDaemon:false,lockCount:0,suspendCount:0}
  call stack:
	at gov.nasa.jpf.vm.Verify.getIntFromList(Verify.java)
	at java.lang.reflect.Method.invoke(Method.java)
	at org.codehaus.groovy.reflection.CachedMethod.invoke(CachedMethod.java:101)
	at groovy.lang.MetaMethod.doMethodInvoke(MetaMethod.java:323)
	at org.codehaus.groovy.runtime.callsite.StaticMetaMethodSite.invoke(StaticMetaMethodSite.java:44)
	at org.codehaus.groovy.runtime.callsite.StaticMetaMethodSite.call(StaticMetaMethodSite.java:89)
	at main.run(main.groovy:1470)
	at java.lang.reflect.Method.invoke(Method.java)
	at org.codehaus.groovy.reflection.CachedMethod.invoke(CachedMethod.java:101)
	at groovy.lang.MetaMethod.doMethodInvoke(MetaMethod.java:323)
	at groovy.lang.MetaClassImpl.invokeMethod(MetaClassImpl.java:1217)
	at groovy.lang.MetaClassImpl.invokeMethod(MetaClassImpl.java:1041)
	at org.codehaus.groovy.runtime.InvokerHelper.invokePogoMethod(InvokerHelper.java:1011)
	at org.codehaus.groovy.runtime.InvokerHelper.invokeMethod(InvokerHelper.java:994)
	at org.codehaus.groovy.runtime.InvokerHelper.runScript(InvokerHelper.java:423)
	at java.lang.reflect.Method.invoke(Method.java)
	at org.codehaus.groovy.reflection.CachedMethod.invoke(CachedMethod.java:101)
	at org.codehaus.groovy.runtime.callsite.StaticMetaMethodSite$StaticMetaMethodSiteNoUnwrapNoCoerce.invoke(StaticMetaMethodSite.java:149)
	at org.codehaus.groovy.runtime.callsite.StaticMetaMethodSite.call(StaticMetaMethodSite.java:89)
	at org.codehaus.groovy.runtime.callsite.CallSiteArray.defaultCall(CallSiteArray.java:47)
	at org.codehaus.groovy.runtime.callsite.AbstractCallSite.call(AbstractCallSite.java:115)
	at org.codehaus.groovy.runtime.callsite.AbstractCallSite.call(AbstractCallSite.java:135)
	at main.main(main.groovy:15)


====================================================== results
error #1: gov.nasa.jpf.vm.NoOutOfMemoryErrorProperty

====================================================== statistics
elapsed time:       00:40:20
states:             new=4727,visited=12412,backtracked=12411,end=0
search:             maxDepth=4727,constraints=1
choice generators:  thread=1 (signal=0,lock=1,sharedRef=0,threadApi=0,reschedule=0), data=4727
heap:               new=6194645,released=6062964,maxLive=131593,gcCycles=17139
instructions:       1178157510
max memory:         27676MB
loaded code:        classes=844,methods=16192

====================================================== search finished: 7/28/21 9:03 AM
