JavaPathfinder core system v8.0 (rev af9e01e81807c5da6b75871396a0c3900208be72) - (C) 2005-2014 United States Government. All rights reserved.


====================================================== system under test
main.main()

====================================================== search started: 7/28/21 12:15 PM

====================================================== search constraint
JPF out of memory

====================================================== snapshot 
thread java.lang.Thread:{id:0,name:main,status:RUNNING,priority:5,isDaemon:false,lockCount:0,suspendCount:0}
  call stack:
	at gov.nasa.jpf.vm.Verify.getIntFromList(Verify.java)
	at java.lang.reflect.Method.invoke(Method.java)
	at org.codehaus.groovy.reflection.CachedMethod.invoke(CachedMethod.java:101)
	at groovy.lang.MetaMethod.doMethodInvoke(MetaMethod.java:323)
	at org.codehaus.groovy.runtime.callsite.StaticMetaMethodSite.invoke(StaticMetaMethodSite.java:44)
	at org.codehaus.groovy.runtime.callsite.StaticMetaMethodSite.call(StaticMetaMethodSite.java:89)
	at main.run(main.groovy:1411)
	at java.lang.reflect.Method.invoke(Method.java)
	at org.codehaus.groovy.reflection.CachedMethod.invoke(CachedMethod.java:101)
	at groovy.lang.MetaMethod.doMethodInvoke(MetaMethod.java:323)
	at groovy.lang.MetaClassImpl.invokeMethod(MetaClassImpl.java:1217)
	at groovy.lang.MetaClassImpl.invokeMethod(MetaClassImpl.java:1041)
	at org.codehaus.groovy.runtime.InvokerHelper.invokePogoMethod(InvokerHelper.java:1011)
	at org.codehaus.groovy.runtime.InvokerHelper.invokeMethod(InvokerHelper.java:994)
	at org.codehaus.groovy.runtime.InvokerHelper.runScript(InvokerHelper.java:423)
	at java.lang.reflect.Method.invoke(Method.java)
	at org.codehaus.groovy.reflection.CachedMethod.invoke(CachedMethod.java:101)
	at org.codehaus.groovy.runtime.callsite.StaticMetaMethodSite$StaticMetaMethodSiteNoUnwrapNoCoerce.invoke(StaticMetaMethodSite.java:149)
	at org.codehaus.groovy.runtime.callsite.StaticMetaMethodSite.call(StaticMetaMethodSite.java:89)
	at org.codehaus.groovy.runtime.callsite.CallSiteArray.defaultCall(CallSiteArray.java:47)
	at org.codehaus.groovy.runtime.callsite.AbstractCallSite.call(AbstractCallSite.java:115)
	at org.codehaus.groovy.runtime.callsite.AbstractCallSite.call(AbstractCallSite.java:135)
	at main.main(main.groovy:15)


====================================================== results
error #1: gov.nasa.jpf.vm.NoOutOfMemoryErrorProperty

====================================================== statistics
elapsed time:       00:37:07
states:             new=4753,visited=13635,backtracked=13634,end=0
search:             maxDepth=4753,constraints=1
choice generators:  thread=1 (signal=0,lock=1,sharedRef=0,threadApi=0,reschedule=0), data=4753
heap:               new=7408834,released=7274996,maxLive=132543,gcCycles=18388
instructions:       1375488190
max memory:         27699MB
loaded code:        classes=850,methods=16267

====================================================== search finished: 7/28/21 12:52 PM
